{"C:\\Users\\wildi\\Repositories-win\\laratube\\src\\components\\VideoModal.tsx": {"path":"C:\\Users\\wildi\\Repositories-win\\laratube\\src\\components\\VideoModal.tsx","statementMap":{"0":{"start":{"line":11,"column":19},"end":{"line":64,"column":null}},"1":{"start":{"line":17,"column":2},"end":{"line":29,"column":null}},"2":{"start":{"line":18,"column":22},"end":{"line":20,"column":null}},"3":{"start":{"line":19,"column":6},"end":{"line":19,"column":null}},"4":{"start":{"line":19,"column":30},"end":{"line":19,"column":null}},"5":{"start":{"line":22,"column":4},"end":{"line":22,"column":null}},"6":{"start":{"line":23,"column":4},"end":{"line":23,"column":null}},"7":{"start":{"line":25,"column":4},"end":{"line":28,"column":null}},"8":{"start":{"line":26,"column":6},"end":{"line":26,"column":null}},"9":{"start":{"line":27,"column":6},"end":{"line":27,"column":null}},"10":{"start":{"line":31,"column":2},"end":{"line":62,"column":null}},"11":{"start":{"line":33,"column":52},"end":{"line":33,"column":null}}},"fnMap":{"0":{"name":"(anonymous_0)","decl":{"start":{"line":11,"column":19},"end":{"line":11,"column":20}},"loc":{"start":{"line":16,"column":23},"end":{"line":64,"column":null}},"line":16},"1":{"name":"(anonymous_1)","decl":{"start":{"line":17,"column":12},"end":{"line":17,"column":18}},"loc":{"start":{"line":17,"column":18},"end":{"line":29,"column":5}},"line":17},"2":{"name":"(anonymous_2)","decl":{"start":{"line":18,"column":22},"end":{"line":18,"column":23}},"loc":{"start":{"line":18,"column":44},"end":{"line":20,"column":null}},"line":18},"3":{"name":"(anonymous_3)","decl":{"start":{"line":25,"column":11},"end":{"line":25,"column":17}},"loc":{"start":{"line":25,"column":17},"end":{"line":28,"column":null}},"line":25},"4":{"name":"(anonymous_4)","decl":{"start":{"line":33,"column":45},"end":{"line":33,"column":46}},"loc":{"start":{"line":33,"column":52},"end":{"line":33,"column":null}},"line":33}},"branchMap":{"0":{"loc":{"start":{"line":19,"column":6},"end":{"line":19,"column":null}},"type":"if","locations":[{"start":{"line":19,"column":6},"end":{"line":19,"column":null}},{"start":{},"end":{}}],"line":19},"1":{"loc":{"start":{"line":38,"column":35},"end":{"line":38,"column":61}},"type":"cond-expr","locations":[{"start":{"line":38,"column":48},"end":{"line":38,"column":59}},{"start":{"line":38,"column":59},"end":{"line":38,"column":61}}],"line":38},"2":{"loc":{"start":{"line":42,"column":15},"end":{"line":42,"column":null}},"type":"cond-expr","locations":[{"start":{"line":42,"column":28},"end":{"line":42,"column":35}},{"start":{"line":42,"column":35},"end":{"line":42,"column":null}}],"line":42}},"s":{"0":1,"1":0,"2":0,"3":0,"4":0,"5":0,"6":0,"7":0,"8":0,"9":0,"10":0,"11":0},"f":{"0":0,"1":0,"2":0,"3":0,"4":0},"b":{"0":[0,0],"1":[0,0],"2":[0,0]},"meta":{"lastBranch":3,"lastFunction":5,"lastStatement":12,"seen":{"s:11:19:64:Infinity":0,"f:11:19:11:20":0,"s:17:2:29:Infinity":1,"f:17:12:17:18":1,"s:18:22:20:Infinity":2,"f:18:22:18:23":2,"b:19:6:19:Infinity:undefined:undefined:undefined:undefined":0,"s:19:6:19:Infinity":3,"s:19:30:19:Infinity":4,"s:22:4:22:Infinity":5,"s:23:4:23:Infinity":6,"s:25:4:28:Infinity":7,"f:25:11:25:17":3,"s:26:6:26:Infinity":8,"s:27:6:27:Infinity":9,"s:31:2:62:Infinity":10,"f:33:45:33:46":4,"s:33:52:33:Infinity":11,"b:38:48:38:59:38:59:38:61":1,"b:42:28:42:35:42:35:42:Infinity":2}}}
,"C:\\Users\\wildi\\Repositories-win\\laratube\\src\\components\\videoList.tsx": {"path":"C:\\Users\\wildi\\Repositories-win\\laratube\\src\\components\\videoList.tsx","statementMap":{"0":{"start":{"line":11,"column":18},"end":{"line":90,"column":null}},"1":{"start":{"line":13,"column":36},"end":{"line":13,"column":null}},"2":{"start":{"line":13,"column":49},"end":{"line":13,"column":72}},"3":{"start":{"line":14,"column":40},"end":{"line":14,"column":null}},"4":{"start":{"line":16,"column":25},"end":{"line":21,"column":null}},"5":{"start":{"line":17,"column":4},"end":{"line":17,"column":null}},"6":{"start":{"line":18,"column":10},"end":{"line":18,"column":null}},"7":{"start":{"line":19,"column":4},"end":{"line":19,"column":null}},"8":{"start":{"line":20,"column":4},"end":{"line":20,"column":null}},"9":{"start":{"line":23,"column":23},"end":{"line":31,"column":null}},"10":{"start":{"line":24,"column":4},"end":{"line":24,"column":null}},"11":{"start":{"line":25,"column":18},"end":{"line":25,"column":null}},"12":{"start":{"line":25,"column":37},"end":{"line":25,"column":48}},"13":{"start":{"line":26,"column":4},"end":{"line":30,"column":null}},"14":{"start":{"line":27,"column":12},"end":{"line":27,"column":null}},"15":{"start":{"line":28,"column":6},"end":{"line":28,"column":null}},"16":{"start":{"line":29,"column":6},"end":{"line":29,"column":null}},"17":{"start":{"line":33,"column":25},"end":{"line":33,"column":null}},"18":{"start":{"line":34,"column":24},"end":{"line":34,"column":null}},"19":{"start":{"line":34,"column":53},"end":{"line":34,"column":82}},"20":{"start":{"line":36,"column":2},"end":{"line":88,"column":null}},"21":{"start":{"line":40,"column":10},"end":{"line":72,"column":null}},"22":{"start":{"line":43,"column":27},"end":{"line":43,"column":null}},"23":{"start":{"line":54,"column":34},"end":{"line":54,"column":null}},"24":{"start":{"line":63,"column":36},"end":{"line":63,"column":null}},"25":{"start":{"line":79,"column":25},"end":{"line":79,"column":null}},"26":{"start":{"line":82,"column":18},"end":{"line":82,"column":null}},"27":{"start":{"line":83,"column":12},"end":{"line":83,"column":null}},"28":{"start":{"line":84,"column":12},"end":{"line":84,"column":null}}},"fnMap":{"0":{"name":"(anonymous_0)","decl":{"start":{"line":11,"column":18},"end":{"line":11,"column":19}},"loc":{"start":{"line":11,"column":55},"end":{"line":90,"column":null}},"line":11},"1":{"name":"(anonymous_1)","decl":{"start":{"line":13,"column":49},"end":{"line":13,"column":55}},"loc":{"start":{"line":13,"column":49},"end":{"line":13,"column":72}},"line":13},"2":{"name":"(anonymous_2)","decl":{"start":{"line":16,"column":25},"end":{"line":16,"column":26}},"loc":{"start":{"line":16,"column":56},"end":{"line":21,"column":null}},"line":16},"3":{"name":"(anonymous_3)","decl":{"start":{"line":23,"column":23},"end":{"line":23,"column":24}},"loc":{"start":{"line":23,"column":54},"end":{"line":31,"column":null}},"line":23},"4":{"name":"(anonymous_4)","decl":{"start":{"line":25,"column":30},"end":{"line":25,"column":31}},"loc":{"start":{"line":25,"column":37},"end":{"line":25,"column":48}},"line":25},"5":{"name":"(anonymous_5)","decl":{"start":{"line":34,"column":46},"end":{"line":34,"column":47}},"loc":{"start":{"line":34,"column":53},"end":{"line":34,"column":82}},"line":34},"6":{"name":"(anonymous_6)","decl":{"start":{"line":39,"column":27},"end":{"line":39,"column":28}},"loc":{"start":{"line":40,"column":10},"end":{"line":72,"column":null}},"line":40},"7":{"name":"(anonymous_7)","decl":{"start":{"line":43,"column":21},"end":{"line":43,"column":27}},"loc":{"start":{"line":43,"column":27},"end":{"line":43,"column":null}},"line":43},"8":{"name":"(anonymous_8)","decl":{"start":{"line":54,"column":27},"end":{"line":54,"column":28}},"loc":{"start":{"line":54,"column":34},"end":{"line":54,"column":null}},"line":54},"9":{"name":"(anonymous_9)","decl":{"start":{"line":63,"column":29},"end":{"line":63,"column":30}},"loc":{"start":{"line":63,"column":36},"end":{"line":63,"column":null}},"line":63},"10":{"name":"(anonymous_10)","decl":{"start":{"line":79,"column":19},"end":{"line":79,"column":25}},"loc":{"start":{"line":79,"column":25},"end":{"line":79,"column":null}},"line":79},"11":{"name":"(anonymous_11)","decl":{"start":{"line":81,"column":28},"end":{"line":81,"column":34}},"loc":{"start":{"line":81,"column":34},"end":{"line":85,"column":null}},"line":81}},"branchMap":{"0":{"loc":{"start":{"line":26,"column":4},"end":{"line":30,"column":null}},"type":"if","locations":[{"start":{"line":26,"column":4},"end":{"line":30,"column":null}},{"start":{},"end":{}}],"line":26},"1":{"loc":{"start":{"line":26,"column":8},"end":{"line":26,"column":62}},"type":"binary-expr","locations":[{"start":{"line":26,"column":8},"end":{"line":26,"column":17}},{"start":{"line":26,"column":17},"end":{"line":26,"column":62}}],"line":26},"2":{"loc":{"start":{"line":52,"column":39},"end":{"line":52,"column":null}},"type":"cond-expr","locations":[{"start":{"line":52,"column":77},"end":{"line":52,"column":88}},{"start":{"line":52,"column":88},"end":{"line":52,"column":null}}],"line":52},"3":{"loc":{"start":{"line":58,"column":19},"end":{"line":58,"column":null}},"type":"cond-expr","locations":[{"start":{"line":58,"column":57},"end":{"line":58,"column":64}},{"start":{"line":58,"column":64},"end":{"line":58,"column":null}}],"line":58},"4":{"loc":{"start":{"line":60,"column":17},"end":{"line":68,"column":null}},"type":"binary-expr","locations":[{"start":{"line":60,"column":17},"end":{"line":60,"column":null}},{"start":{"line":61,"column":18},"end":{"line":68,"column":null}}],"line":60},"5":{"loc":{"start":{"line":76,"column":7},"end":{"line":86,"column":null}},"type":"binary-expr","locations":[{"start":{"line":76,"column":7},"end":{"line":76,"column":null}},{"start":{"line":77,"column":8},"end":{"line":86,"column":null}}],"line":76}},"s":{"0":1,"1":8,"2":4,"3":8,"4":8,"5":3,"6":3,"7":3,"8":3,"9":8,"10":1,"11":1,"12":1,"13":1,"14":1,"15":1,"16":1,"17":8,"18":8,"19":9,"20":8,"21":7,"22":0,"23":3,"24":1,"25":0,"26":0,"27":0,"28":0},"f":{"0":8,"1":4,"2":3,"3":1,"4":1,"5":9,"6":7,"7":0,"8":3,"9":1,"10":0,"11":0},"b":{"0":[1,0],"1":[1,1],"2":[2,5],"3":[2,5],"4":[7,5],"5":[8,0]},"meta":{"lastBranch":6,"lastFunction":12,"lastStatement":29,"seen":{"s:11:18:90:Infinity":0,"f:11:18:11:19":0,"s:13:36:13:Infinity":1,"f:13:49:13:55":1,"s:13:49:13:72":2,"s:14:40:14:Infinity":3,"s:16:25:21:Infinity":4,"f:16:25:16:26":2,"s:17:4:17:Infinity":5,"s:18:10:18:Infinity":6,"s:19:4:19:Infinity":7,"s:20:4:20:Infinity":8,"s:23:23:31:Infinity":9,"f:23:23:23:24":3,"s:24:4:24:Infinity":10,"s:25:18:25:Infinity":11,"f:25:30:25:31":4,"s:25:37:25:48":12,"b:26:4:30:Infinity:undefined:undefined:undefined:undefined":0,"s:26:4:30:Infinity":13,"b:26:8:26:17:26:17:26:62":1,"s:27:12:27:Infinity":14,"s:28:6:28:Infinity":15,"s:29:6:29:Infinity":16,"s:33:25:33:Infinity":17,"s:34:24:34:Infinity":18,"f:34:46:34:47":5,"s:34:53:34:82":19,"s:36:2:88:Infinity":20,"f:39:27:39:28":6,"s:40:10:72:Infinity":21,"f:43:21:43:27":7,"s:43:27:43:Infinity":22,"b:52:77:52:88:52:88:52:Infinity":2,"f:54:27:54:28":8,"s:54:34:54:Infinity":23,"b:58:57:58:64:58:64:58:Infinity":3,"b:60:17:60:Infinity:61:18:68:Infinity":4,"f:63:29:63:30":9,"s:63:36:63:Infinity":24,"b:76:7:76:Infinity:77:8:86:Infinity":5,"f:79:19:79:25":10,"s:79:25:79:Infinity":25,"f:81:28:81:34":11,"s:82:18:82:Infinity":26,"s:83:12:83:Infinity":27,"s:84:12:84:Infinity":28}}}
,"C:\\Users\\wildi\\Repositories-win\\laratube\\src\\lib\\videoPreferences.ts": {"path":"C:\\Users\\wildi\\Repositories-win\\laratube\\src\\lib\\videoPreferences.ts","statementMap":{"0":{"start":{"line":15,"column":20},"end":{"line":15,"column":null}},"1":{"start":{"line":17,"column":25},"end":{"line":20,"column":null}},"2":{"start":{"line":17,"column":50},"end":{"line":20,"column":null}},"3":{"start":{"line":27,"column":2},"end":{"line":29,"column":null}},"4":{"start":{"line":28,"column":4},"end":{"line":28,"column":null}},"5":{"start":{"line":31,"column":2},"end":{"line":58,"column":null}},"6":{"start":{"line":32,"column":16},"end":{"line":32,"column":null}},"7":{"start":{"line":33,"column":4},"end":{"line":35,"column":null}},"8":{"start":{"line":34,"column":6},"end":{"line":34,"column":null}},"9":{"start":{"line":37,"column":19},"end":{"line":37,"column":null}},"10":{"start":{"line":42,"column":4},"end":{"line":44,"column":null}},"11":{"start":{"line":43,"column":6},"end":{"line":43,"column":null}},"12":{"start":{"line":46,"column":22},"end":{"line":48,"column":null}},"13":{"start":{"line":47,"column":48},"end":{"line":47,"column":70}},"14":{"start":{"line":50,"column":19},"end":{"line":52,"column":null}},"15":{"start":{"line":51,"column":45},"end":{"line":51,"column":67}},"16":{"start":{"line":54,"column":4},"end":{"line":54,"column":null}},"17":{"start":{"line":57,"column":4},"end":{"line":57,"column":null}},"18":{"start":{"line":66,"column":2},"end":{"line":68,"column":null}},"19":{"start":{"line":67,"column":4},"end":{"line":67,"column":null}},"20":{"start":{"line":70,"column":2},"end":{"line":80,"column":null}},"21":{"start":{"line":71,"column":20},"end":{"line":74,"column":null}},"22":{"start":{"line":76,"column":23},"end":{"line":76,"column":null}},"23":{"start":{"line":77,"column":4},"end":{"line":77,"column":null}},"24":{"start":{"line":87,"column":2},"end":{"line":89,"column":null}},"25":{"start":{"line":88,"column":4},"end":{"line":88,"column":null}},"26":{"start":{"line":91,"column":2},"end":{"line":95,"column":null}},"27":{"start":{"line":92,"column":4},"end":{"line":92,"column":null}},"28":{"start":{"line":103,"column":20},"end":{"line":103,"column":null}},"29":{"start":{"line":104,"column":17},"end":{"line":104,"column":null}},"30":{"start":{"line":106,"column":2},"end":{"line":110,"column":null}},"31":{"start":{"line":107,"column":4},"end":{"line":107,"column":null}},"32":{"start":{"line":109,"column":4},"end":{"line":109,"column":null}},"33":{"start":{"line":112,"column":2},"end":{"line":112,"column":null}},"34":{"start":{"line":120,"column":20},"end":{"line":120,"column":null}},"35":{"start":{"line":121,"column":17},"end":{"line":121,"column":null}},"36":{"start":{"line":123,"column":2},"end":{"line":123,"column":null}},"37":{"start":{"line":124,"column":2},"end":{"line":124,"column":null}},"38":{"start":{"line":126,"column":2},"end":{"line":126,"column":null}}},"fnMap":{"0":{"name":"(anonymous_0)","decl":{"start":{"line":17,"column":25},"end":{"line":17,"column":50}},"loc":{"start":{"line":17,"column":50},"end":{"line":20,"column":null}},"line":17},"1":{"name":"loadPreferences","decl":{"start":{"line":26,"column":16},"end":{"line":26,"column":52}},"loc":{"start":{"line":26,"column":52},"end":{"line":59,"column":null}},"line":26},"2":{"name":"(anonymous_2)","decl":{"start":{"line":47,"column":40},"end":{"line":47,"column":41}},"loc":{"start":{"line":47,"column":48},"end":{"line":47,"column":70}},"line":47},"3":{"name":"(anonymous_3)","decl":{"start":{"line":51,"column":37},"end":{"line":51,"column":38}},"loc":{"start":{"line":51,"column":45},"end":{"line":51,"column":67}},"line":51},"4":{"name":"savePreferences","decl":{"start":{"line":65,"column":16},"end":{"line":65,"column":32}},"loc":{"start":{"line":65,"column":63},"end":{"line":81,"column":null}},"line":65},"5":{"name":"clearPreferences","decl":{"start":{"line":86,"column":16},"end":{"line":86,"column":41}},"loc":{"start":{"line":86,"column":41},"end":{"line":96,"column":null}},"line":86},"6":{"name":"toggleFavorite","decl":{"start":{"line":102,"column":16},"end":{"line":102,"column":31}},"loc":{"start":{"line":102,"column":86},"end":{"line":113,"column":null}},"line":102},"7":{"name":"hideVideo","decl":{"start":{"line":119,"column":16},"end":{"line":119,"column":26}},"loc":{"start":{"line":119,"column":81},"end":{"line":127,"column":null}},"line":119}},"branchMap":{"0":{"loc":{"start":{"line":27,"column":2},"end":{"line":29,"column":null}},"type":"if","locations":[{"start":{"line":27,"column":2},"end":{"line":29,"column":null}},{"start":{},"end":{}}],"line":27},"1":{"loc":{"start":{"line":27,"column":6},"end":{"line":27,"column":61}},"type":"binary-expr","locations":[{"start":{"line":27,"column":6},"end":{"line":27,"column":39}},{"start":{"line":27,"column":39},"end":{"line":27,"column":61}}],"line":27},"2":{"loc":{"start":{"line":33,"column":4},"end":{"line":35,"column":null}},"type":"if","locations":[{"start":{"line":33,"column":4},"end":{"line":35,"column":null}},{"start":{},"end":{}}],"line":33},"3":{"loc":{"start":{"line":42,"column":4},"end":{"line":44,"column":null}},"type":"if","locations":[{"start":{"line":42,"column":4},"end":{"line":44,"column":null}},{"start":{},"end":{}}],"line":42},"4":{"loc":{"start":{"line":42,"column":8},"end":{"line":42,"column":47}},"type":"binary-expr","locations":[{"start":{"line":42,"column":8},"end":{"line":42,"column":19}},{"start":{"line":42,"column":19},"end":{"line":42,"column":47}}],"line":42},"5":{"loc":{"start":{"line":46,"column":22},"end":{"line":48,"column":null}},"type":"cond-expr","locations":[{"start":{"line":47,"column":8},"end":{"line":47,"column":null}},{"start":{"line":48,"column":8},"end":{"line":48,"column":null}}],"line":46},"6":{"loc":{"start":{"line":50,"column":19},"end":{"line":52,"column":null}},"type":"cond-expr","locations":[{"start":{"line":51,"column":8},"end":{"line":51,"column":null}},{"start":{"line":52,"column":8},"end":{"line":52,"column":null}}],"line":50},"7":{"loc":{"start":{"line":66,"column":2},"end":{"line":68,"column":null}},"type":"if","locations":[{"start":{"line":66,"column":2},"end":{"line":68,"column":null}},{"start":{},"end":{}}],"line":66},"8":{"loc":{"start":{"line":66,"column":6},"end":{"line":66,"column":61}},"type":"binary-expr","locations":[{"start":{"line":66,"column":6},"end":{"line":66,"column":39}},{"start":{"line":66,"column":39},"end":{"line":66,"column":61}}],"line":66},"9":{"loc":{"start":{"line":87,"column":2},"end":{"line":89,"column":null}},"type":"if","locations":[{"start":{"line":87,"column":2},"end":{"line":89,"column":null}},{"start":{},"end":{}}],"line":87},"10":{"loc":{"start":{"line":87,"column":6},"end":{"line":87,"column":61}},"type":"binary-expr","locations":[{"start":{"line":87,"column":6},"end":{"line":87,"column":39}},{"start":{"line":87,"column":39},"end":{"line":87,"column":61}}],"line":87},"11":{"loc":{"start":{"line":106,"column":2},"end":{"line":110,"column":null}},"type":"if","locations":[{"start":{"line":106,"column":2},"end":{"line":110,"column":null}},{"start":{"line":108,"column":9},"end":{"line":110,"column":null}}],"line":106}},"s":{"0":1,"1":1,"2":3,"3":4,"4":0,"5":4,"6":4,"7":4,"8":3,"9":1,"10":1,"11":0,"12":1,"13":0,"14":4,"15":1,"16":4,"17":0,"18":4,"19":0,"20":4,"21":4,"22":4,"23":4,"24":0,"25":0,"26":0,"27":0,"28":3,"29":3,"30":3,"31":1,"32":2,"33":3,"34":1,"35":1,"36":1,"37":1,"38":1},"f":{"0":3,"1":4,"2":0,"3":1,"4":4,"5":0,"6":3,"7":1},"b":{"0":[0,4],"1":[4,4],"2":[3,1],"3":[0,1],"4":[1,1],"5":[1,0],"6":[1,0],"7":[0,4],"8":[4,4],"9":[0,0],"10":[0,0],"11":[1,2]},"meta":{"lastBranch":12,"lastFunction":8,"lastStatement":39,"seen":{"s:15:20:15:Infinity":0,"s:17:25:20:Infinity":1,"f:17:25:17:50":0,"s:17:50:20:Infinity":2,"f:26:16:26:52":1,"b:27:2:29:Infinity:undefined:undefined:undefined:undefined":0,"s:27:2:29:Infinity":3,"b:27:6:27:39:27:39:27:61":1,"s:28:4:28:Infinity":4,"s:31:2:58:Infinity":5,"s:32:16:32:Infinity":6,"b:33:4:35:Infinity:undefined:undefined:undefined:undefined":2,"s:33:4:35:Infinity":7,"s:34:6:34:Infinity":8,"s:37:19:37:Infinity":9,"b:42:4:44:Infinity:undefined:undefined:undefined:undefined":3,"s:42:4:44:Infinity":10,"b:42:8:42:19:42:19:42:47":4,"s:43:6:43:Infinity":11,"s:46:22:48:Infinity":12,"b:47:8:47:Infinity:48:8:48:Infinity":5,"f:47:40:47:41":2,"s:47:48:47:70":13,"s:50:19:52:Infinity":14,"b:51:8:51:Infinity:52:8:52:Infinity":6,"f:51:37:51:38":3,"s:51:45:51:67":15,"s:54:4:54:Infinity":16,"s:57:4:57:Infinity":17,"f:65:16:65:32":4,"b:66:2:68:Infinity:undefined:undefined:undefined:undefined":7,"s:66:2:68:Infinity":18,"b:66:6:66:39:66:39:66:61":8,"s:67:4:67:Infinity":19,"s:70:2:80:Infinity":20,"s:71:20:74:Infinity":21,"s:76:23:76:Infinity":22,"s:77:4:77:Infinity":23,"f:86:16:86:41":5,"b:87:2:89:Infinity:undefined:undefined:undefined:undefined":9,"s:87:2:89:Infinity":24,"b:87:6:87:39:87:39:87:61":10,"s:88:4:88:Infinity":25,"s:91:2:95:Infinity":26,"s:92:4:92:Infinity":27,"f:102:16:102:31":6,"s:103:20:103:Infinity":28,"s:104:17:104:Infinity":29,"b:106:2:110:Infinity:108:9:110:Infinity":11,"s:106:2:110:Infinity":30,"s:107:4:107:Infinity":31,"s:109:4:109:Infinity":32,"s:112:2:112:Infinity":33,"f:119:16:119:26":7,"s:120:20:120:Infinity":34,"s:121:17:121:Infinity":35,"s:123:2:123:Infinity":36,"s:124:2:124:Infinity":37,"s:126:2:126:Infinity":38}}}
}
