{"C:\\Users\\wildi\\Repositories-win\\laratube\\src\\lib\\videoPreferences.ts": {"path":"C:\\Users\\wildi\\Repositories-win\\laratube\\src\\lib\\videoPreferences.ts","statementMap":{"0":{"start":{"line":15,"column":20},"end":{"line":15,"column":null}},"1":{"start":{"line":17,"column":25},"end":{"line":20,"column":null}},"2":{"start":{"line":17,"column":50},"end":{"line":20,"column":null}},"3":{"start":{"line":27,"column":2},"end":{"line":29,"column":null}},"4":{"start":{"line":28,"column":4},"end":{"line":28,"column":null}},"5":{"start":{"line":31,"column":2},"end":{"line":58,"column":null}},"6":{"start":{"line":32,"column":16},"end":{"line":32,"column":null}},"7":{"start":{"line":33,"column":4},"end":{"line":35,"column":null}},"8":{"start":{"line":34,"column":6},"end":{"line":34,"column":null}},"9":{"start":{"line":37,"column":19},"end":{"line":37,"column":null}},"10":{"start":{"line":42,"column":4},"end":{"line":44,"column":null}},"11":{"start":{"line":43,"column":6},"end":{"line":43,"column":null}},"12":{"start":{"line":46,"column":22},"end":{"line":48,"column":null}},"13":{"start":{"line":47,"column":48},"end":{"line":47,"column":70}},"14":{"start":{"line":50,"column":19},"end":{"line":52,"column":null}},"15":{"start":{"line":51,"column":45},"end":{"line":51,"column":67}},"16":{"start":{"line":54,"column":4},"end":{"line":54,"column":null}},"17":{"start":{"line":57,"column":4},"end":{"line":57,"column":null}},"18":{"start":{"line":66,"column":2},"end":{"line":68,"column":null}},"19":{"start":{"line":67,"column":4},"end":{"line":67,"column":null}},"20":{"start":{"line":70,"column":2},"end":{"line":80,"column":null}},"21":{"start":{"line":71,"column":20},"end":{"line":74,"column":null}},"22":{"start":{"line":76,"column":23},"end":{"line":76,"column":null}},"23":{"start":{"line":77,"column":4},"end":{"line":77,"column":null}},"24":{"start":{"line":87,"column":2},"end":{"line":89,"column":null}},"25":{"start":{"line":88,"column":4},"end":{"line":88,"column":null}},"26":{"start":{"line":91,"column":2},"end":{"line":95,"column":null}},"27":{"start":{"line":92,"column":4},"end":{"line":92,"column":null}},"28":{"start":{"line":103,"column":20},"end":{"line":103,"column":null}},"29":{"start":{"line":104,"column":17},"end":{"line":104,"column":null}},"30":{"start":{"line":106,"column":2},"end":{"line":110,"column":null}},"31":{"start":{"line":107,"column":4},"end":{"line":107,"column":null}},"32":{"start":{"line":109,"column":4},"end":{"line":109,"column":null}},"33":{"start":{"line":112,"column":2},"end":{"line":112,"column":null}},"34":{"start":{"line":120,"column":20},"end":{"line":120,"column":null}},"35":{"start":{"line":121,"column":17},"end":{"line":121,"column":null}},"36":{"start":{"line":123,"column":2},"end":{"line":123,"column":null}},"37":{"start":{"line":124,"column":2},"end":{"line":124,"column":null}},"38":{"start":{"line":126,"column":2},"end":{"line":126,"column":null}}},"fnMap":{"0":{"name":"(anonymous_0)","decl":{"start":{"line":17,"column":25},"end":{"line":17,"column":50}},"loc":{"start":{"line":17,"column":50},"end":{"line":20,"column":null}},"line":17},"1":{"name":"loadPreferences","decl":{"start":{"line":26,"column":16},"end":{"line":26,"column":52}},"loc":{"start":{"line":26,"column":52},"end":{"line":59,"column":null}},"line":26},"2":{"name":"(anonymous_2)","decl":{"start":{"line":47,"column":40},"end":{"line":47,"column":41}},"loc":{"start":{"line":47,"column":48},"end":{"line":47,"column":70}},"line":47},"3":{"name":"(anonymous_3)","decl":{"start":{"line":51,"column":37},"end":{"line":51,"column":38}},"loc":{"start":{"line":51,"column":45},"end":{"line":51,"column":67}},"line":51},"4":{"name":"savePreferences","decl":{"start":{"line":65,"column":16},"end":{"line":65,"column":32}},"loc":{"start":{"line":65,"column":63},"end":{"line":81,"column":null}},"line":65},"5":{"name":"clearPreferences","decl":{"start":{"line":86,"column":16},"end":{"line":86,"column":41}},"loc":{"start":{"line":86,"column":41},"end":{"line":96,"column":null}},"line":86},"6":{"name":"toggleFavorite","decl":{"start":{"line":102,"column":16},"end":{"line":102,"column":31}},"loc":{"start":{"line":102,"column":86},"end":{"line":113,"column":null}},"line":102},"7":{"name":"hideVideo","decl":{"start":{"line":119,"column":16},"end":{"line":119,"column":26}},"loc":{"start":{"line":119,"column":81},"end":{"line":127,"column":null}},"line":119}},"branchMap":{"0":{"loc":{"start":{"line":27,"column":2},"end":{"line":29,"column":null}},"type":"if","locations":[{"start":{"line":27,"column":2},"end":{"line":29,"column":null}},{"start":{},"end":{}}],"line":27},"1":{"loc":{"start":{"line":27,"column":6},"end":{"line":27,"column":61}},"type":"binary-expr","locations":[{"start":{"line":27,"column":6},"end":{"line":27,"column":39}},{"start":{"line":27,"column":39},"end":{"line":27,"column":61}}],"line":27},"2":{"loc":{"start":{"line":33,"column":4},"end":{"line":35,"column":null}},"type":"if","locations":[{"start":{"line":33,"column":4},"end":{"line":35,"column":null}},{"start":{},"end":{}}],"line":33},"3":{"loc":{"start":{"line":42,"column":4},"end":{"line":44,"column":null}},"type":"if","locations":[{"start":{"line":42,"column":4},"end":{"line":44,"column":null}},{"start":{},"end":{}}],"line":42},"4":{"loc":{"start":{"line":42,"column":8},"end":{"line":42,"column":47}},"type":"binary-expr","locations":[{"start":{"line":42,"column":8},"end":{"line":42,"column":19}},{"start":{"line":42,"column":19},"end":{"line":42,"column":47}}],"line":42},"5":{"loc":{"start":{"line":46,"column":22},"end":{"line":48,"column":null}},"type":"cond-expr","locations":[{"start":{"line":47,"column":8},"end":{"line":47,"column":null}},{"start":{"line":48,"column":8},"end":{"line":48,"column":null}}],"line":46},"6":{"loc":{"start":{"line":50,"column":19},"end":{"line":52,"column":null}},"type":"cond-expr","locations":[{"start":{"line":51,"column":8},"end":{"line":51,"column":null}},{"start":{"line":52,"column":8},"end":{"line":52,"column":null}}],"line":50},"7":{"loc":{"start":{"line":66,"column":2},"end":{"line":68,"column":null}},"type":"if","locations":[{"start":{"line":66,"column":2},"end":{"line":68,"column":null}},{"start":{},"end":{}}],"line":66},"8":{"loc":{"start":{"line":66,"column":6},"end":{"line":66,"column":61}},"type":"binary-expr","locations":[{"start":{"line":66,"column":6},"end":{"line":66,"column":39}},{"start":{"line":66,"column":39},"end":{"line":66,"column":61}}],"line":66},"9":{"loc":{"start":{"line":87,"column":2},"end":{"line":89,"column":null}},"type":"if","locations":[{"start":{"line":87,"column":2},"end":{"line":89,"column":null}},{"start":{},"end":{}}],"line":87},"10":{"loc":{"start":{"line":87,"column":6},"end":{"line":87,"column":61}},"type":"binary-expr","locations":[{"start":{"line":87,"column":6},"end":{"line":87,"column":39}},{"start":{"line":87,"column":39},"end":{"line":87,"column":61}}],"line":87},"11":{"loc":{"start":{"line":106,"column":2},"end":{"line":110,"column":null}},"type":"if","locations":[{"start":{"line":106,"column":2},"end":{"line":110,"column":null}},{"start":{"line":108,"column":9},"end":{"line":110,"column":null}}],"line":106}},"s":{"0":1,"1":1,"2":3,"3":5,"4":0,"5":5,"6":5,"7":5,"8":2,"9":3,"10":3,"11":0,"12":2,"13":1,"14":5,"15":1,"16":5,"17":1,"18":3,"19":0,"20":3,"21":3,"22":3,"23":3,"24":1,"25":0,"26":1,"27":1,"28":1,"29":1,"30":1,"31":0,"32":1,"33":1,"34":1,"35":1,"36":1,"37":1,"38":1},"f":{"0":3,"1":5,"2":1,"3":1,"4":3,"5":1,"6":1,"7":1},"b":{"0":[0,5],"1":[5,5],"2":[2,3],"3":[0,3],"4":[3,2],"5":[2,0],"6":[2,0],"7":[0,3],"8":[3,3],"9":[0,1],"10":[1,1],"11":[0,1]},"meta":{"lastBranch":12,"lastFunction":8,"lastStatement":39,"seen":{"s:15:20:15:Infinity":0,"s:17:25:20:Infinity":1,"f:17:25:17:50":0,"s:17:50:20:Infinity":2,"f:26:16:26:52":1,"b:27:2:29:Infinity:undefined:undefined:undefined:undefined":0,"s:27:2:29:Infinity":3,"b:27:6:27:39:27:39:27:61":1,"s:28:4:28:Infinity":4,"s:31:2:58:Infinity":5,"s:32:16:32:Infinity":6,"b:33:4:35:Infinity:undefined:undefined:undefined:undefined":2,"s:33:4:35:Infinity":7,"s:34:6:34:Infinity":8,"s:37:19:37:Infinity":9,"b:42:4:44:Infinity:undefined:undefined:undefined:undefined":3,"s:42:4:44:Infinity":10,"b:42:8:42:19:42:19:42:47":4,"s:43:6:43:Infinity":11,"s:46:22:48:Infinity":12,"b:47:8:47:Infinity:48:8:48:Infinity":5,"f:47:40:47:41":2,"s:47:48:47:70":13,"s:50:19:52:Infinity":14,"b:51:8:51:Infinity:52:8:52:Infinity":6,"f:51:37:51:38":3,"s:51:45:51:67":15,"s:54:4:54:Infinity":16,"s:57:4:57:Infinity":17,"f:65:16:65:32":4,"b:66:2:68:Infinity:undefined:undefined:undefined:undefined":7,"s:66:2:68:Infinity":18,"b:66:6:66:39:66:39:66:61":8,"s:67:4:67:Infinity":19,"s:70:2:80:Infinity":20,"s:71:20:74:Infinity":21,"s:76:23:76:Infinity":22,"s:77:4:77:Infinity":23,"f:86:16:86:41":5,"b:87:2:89:Infinity:undefined:undefined:undefined:undefined":9,"s:87:2:89:Infinity":24,"b:87:6:87:39:87:39:87:61":10,"s:88:4:88:Infinity":25,"s:91:2:95:Infinity":26,"s:92:4:92:Infinity":27,"f:102:16:102:31":6,"s:103:20:103:Infinity":28,"s:104:17:104:Infinity":29,"b:106:2:110:Infinity:108:9:110:Infinity":11,"s:106:2:110:Infinity":30,"s:107:4:107:Infinity":31,"s:109:4:109:Infinity":32,"s:112:2:112:Infinity":33,"f:119:16:119:26":7,"s:120:20:120:Infinity":34,"s:121:17:121:Infinity":35,"s:123:2:123:Infinity":36,"s:124:2:124:Infinity":37,"s:126:2:126:Infinity":38}}}
}
